This is pdfTeX, Version 3.1415926-2.3-1.40.12 (MiKTeX 2.9 64-bit) (preloaded format=pdflatex 2013.3.30)  30 MAR 2013 00:11
entering extended mode
**Dissertation.tex
(C:\Users\rhys\workspace\proofbuilder\Literature\Template\Dissertation.tex
LaTeX2e <2011/06/27>
Babel <v3.8m> and hyphenation patterns for english, afrikaans, ancientgreek, ar
abic, armenian, assamese, basque, bengali, bokmal, bulgarian, catalan, coptic, 
croatian, czech, danish, dutch, esperanto, estonian, farsi, finnish, french, ga
lician, german, german-x-2009-06-19, greek, gujarati, hindi, hungarian, iceland
ic, indonesian, interlingua, irish, italian, kannada, kurmanji, lao, latin, lat
vian, lithuanian, malayalam, marathi, mongolian, mongolianlmc, monogreek, ngerm
an, ngerman-x-2009-06-19, nynorsk, oriya, panjabi, pinyin, polish, portuguese, 
romanian, russian, sanskrit, serbian, slovak, slovenian, spanish, swedish, swis
sgerman, tamil, telugu, turkish, turkmen, ukenglish, ukrainian, uppersorbian, u
senglishmax, welsh, loaded.
("C:\Program Files\MiKTeX 2.9\tex\latex\base\report.cls"
Document Class: report 2007/10/19 v1.4h Standard LaTeX document class
("C:\Program Files\MiKTeX 2.9\tex\latex\base\size10.clo"
File: size10.clo 2007/10/19 v1.4h Standard LaTeX file (size option)
)
\c@part=\count79
\c@chapter=\count80
\c@section=\count81
\c@subsection=\count82
\c@subsubsection=\count83
\c@paragraph=\count84
\c@subparagraph=\count85
\c@figure=\count86
\c@table=\count87
\abovecaptionskip=\skip41
\belowcaptionskip=\skip42
\bibindent=\dimen102
)
("C:\Program Files\MiKTeX 2.9\tex\latex\ams\math\amsmath.sty"
Package: amsmath 2000/07/18 v2.13 AMS math features
\@mathmargin=\skip43

For additional information on amsmath, use the `?' option.
("C:\Program Files\MiKTeX 2.9\tex\latex\ams\math\amstext.sty"
Package: amstext 2000/06/29 v2.01

("C:\Program Files\MiKTeX 2.9\tex\latex\ams\math\amsgen.sty"
File: amsgen.sty 1999/11/30 v2.0
\@emptytoks=\toks14
\ex@=\dimen103
))
("C:\Program Files\MiKTeX 2.9\tex\latex\ams\math\amsbsy.sty"
Package: amsbsy 1999/11/29 v1.2d
\pmbraise@=\dimen104
)
("C:\Program Files\MiKTeX 2.9\tex\latex\ams\math\amsopn.sty"
Package: amsopn 1999/12/14 v2.01 operator names
)
\inf@bad=\count88
LaTeX Info: Redefining \frac on input line 211.
\uproot@=\count89
\leftroot@=\count90
LaTeX Info: Redefining \overline on input line 307.
\classnum@=\count91
\DOTSCASE@=\count92
LaTeX Info: Redefining \ldots on input line 379.
LaTeX Info: Redefining \dots on input line 382.
LaTeX Info: Redefining \cdots on input line 467.
\Mathstrutbox@=\box26
\strutbox@=\box27
\big@size=\dimen105
LaTeX Font Info:    Redeclaring font encoding OML on input line 567.
LaTeX Font Info:    Redeclaring font encoding OMS on input line 568.
\macc@depth=\count93
\c@MaxMatrixCols=\count94
\dotsspace@=\muskip10
\c@parentequation=\count95
\dspbrk@lvl=\count96
\tag@help=\toks15
\row@=\count97
\column@=\count98
\maxfields@=\count99
\andhelp@=\toks16
\eqnshift@=\dimen106
\alignsep@=\dimen107
\tagshift@=\dimen108
\tagwidth@=\dimen109
\totwidth@=\dimen110
\lineht@=\dimen111
\@envbody=\toks17
\multlinegap=\skip44
\multlinetaggap=\skip45
\mathdisplay@stack=\toks18
LaTeX Info: Redefining \[ on input line 2666.
LaTeX Info: Redefining \] on input line 2667.
)
("C:\Program Files\MiKTeX 2.9\tex\latex\algorithms\algorithm.sty"
Package: algorithm 2009/08/24 v0.1 Document Style `algorithm' - floating enviro
nment

("C:\Program Files\MiKTeX 2.9\tex\latex\float\float.sty"
Package: float 2001/11/08 v1.3d Float enhancements (AL)
\c@float@type=\count100
\float@exts=\toks19
\float@box=\box28
\@float@everytoks=\toks20
\@floatcapt=\box29
)
("C:\Program Files\MiKTeX 2.9\tex\latex\base\ifthen.sty"
Package: ifthen 2001/05/26 v1.1c Standard LaTeX ifthen package (DPC)
)
\@float@every@algorithm=\toks21
\c@algorithm=\count101
)
("C:\Program Files\MiKTeX 2.9\tex\latex\algorithms\algorithmic.sty"
Package: algorithmic 2009/08/24 v0.1 Document Style `algorithmic'

("C:\Program Files\MiKTeX 2.9\tex\latex\graphics\keyval.sty"
Package: keyval 1999/03/16 v1.13 key=value parser (DPC)
\KV@toks@=\toks22
)
\c@ALC@unique=\count102
\c@ALC@line=\count103
\c@ALC@rem=\count104
\c@ALC@depth=\count105
\ALC@tlm=\skip46
\algorithmicindent=\skip47
)
("C:\Program Files\MiKTeX 2.9\tex\latex\fancyhdr\fancyhdr.sty"
\fancy@headwidth=\skip48
\f@ncyO@elh=\skip49
\f@ncyO@erh=\skip50
\f@ncyO@olh=\skip51
\f@ncyO@orh=\skip52
\f@ncyO@elf=\skip53
\f@ncyO@erf=\skip54
\f@ncyO@olf=\skip55
\f@ncyO@orf=\skip56
)
("C:\Program Files\MiKTeX 2.9\tex\latex\graphics\graphicx.sty"
Package: graphicx 1999/02/16 v1.0f Enhanced LaTeX Graphics (DPC,SPQR)

("C:\Program Files\MiKTeX 2.9\tex\latex\graphics\graphics.sty"
Package: graphics 2009/02/05 v1.0o Standard LaTeX Graphics (DPC,SPQR)

("C:\Program Files\MiKTeX 2.9\tex\latex\graphics\trig.sty"
Package: trig 1999/03/16 v1.09 sin cos tan (DPC)
)
("C:\Program Files\MiKTeX 2.9\tex\latex\00miktex\graphics.cfg"
File: graphics.cfg 2007/01/18 v1.5 graphics configuration of teTeX/TeXLive
)
Package graphics Info: Driver file: pdftex.def on input line 91.

("C:\Program Files\MiKTeX 2.9\tex\latex\pdftex-def\pdftex.def"
File: pdftex.def 2011/05/27 v0.06d Graphics/color for pdfTeX

("C:\Program Files\MiKTeX 2.9\tex\generic\oberdiek\infwarerr.sty"
Package: infwarerr 2010/04/08 v1.3 Providing info/warning/error messages (HO)
)
("C:\Program Files\MiKTeX 2.9\tex\generic\oberdiek\ltxcmds.sty"
Package: ltxcmds 2011/11/09 v1.22 LaTeX kernel commands for general use (HO)
)
\Gread@gobject=\count106
))
\Gin@req@height=\dimen112
\Gin@req@width=\dimen113
)
("C:\Program Files\MiKTeX 2.9\tex\latex\lipsum\lipsum.sty"
Package: lipsum 2011/04/14 v1.2 150 paragraphs of Lorem Ipsum dummy text
\c@lips@count=\count107
)
("C:\Program Files\MiKTeX 2.9\tex\latex\multirow\multirow.sty"
\bigstrutjot=\dimen114
)
("C:\Program Files\MiKTeX 2.9\tex\latex\setspace\setspace.sty"
Package: setspace 2011/12/19 v6.7a set line spacing
)
("C:\Program Files\MiKTeX 2.9\tex\latex\tools\verbatim.sty"
Package: verbatim 2003/08/22 v1.5q LaTeX2e package for verbatim enhancements
\every@verbatim=\toks23
\verbatim@line=\toks24
\verbatim@in@stream=\read1
)
(C:\Users\rhys\workspace\proofbuilder\Literature\Template\Dissertation.aux
(C:\Users\rhys\workspace\proofbuilder\Literature\Template\Preamble/Frontpage.au
x)
(C:\Users\rhys\workspace\proofbuilder\Literature\Template\Preamble/Abstract.aux
)
(C:\Users\rhys\workspace\proofbuilder\Literature\Template\Preamble/Dedication.a
ux)
(C:\Users\rhys\workspace\proofbuilder\Literature\Template\Preamble/Acknowledge.
aux)
(C:\Users\rhys\workspace\proofbuilder\Literature\Template\Preamble/Declarations
.aux)
(C:\Users\rhys\workspace\proofbuilder\Literature\Template\Preamble/Sponsors.aux
)
(C:\Users\rhys\workspace\proofbuilder\Literature\Template\Preamble/Abbreviation
s.aux)
(C:\Users\rhys\workspace\proofbuilder\Literature\Template\Preamble/Notations.au
x)
(C:\Users\rhys\workspace\proofbuilder\Literature\Template\Preamble/Contents.aux
) (C:\Users\rhys\workspace\proofbuilder\Literature\Template\Preamble/Lists.aux)

(C:\Users\rhys\workspace\proofbuilder\Literature\Template\Chapter1/Chapter1.aux
)
(C:\Users\rhys\workspace\proofbuilder\Literature\Template\Chapter2/Chapter2.aux
)
(C:\Users\rhys\workspace\proofbuilder\Literature\Template\Chapter3/Chapter3.aux
)
(C:\Users\rhys\workspace\proofbuilder\Literature\Template\Chapter4/Chapter4.aux
)
(C:\Users\rhys\workspace\proofbuilder\Literature\Template\Chapter5/Chapter5.aux
)
(C:\Users\rhys\workspace\proofbuilder\Literature\Template\Chapter6/Chapter6.aux
)
(C:\Users\rhys\workspace\proofbuilder\Literature\Template\Chapter7/Chapter7.aux
)
(C:\Users\rhys\workspace\proofbuilder\Literature\Template\Chapter8/Chapter8.aux
)
(C:\Users\rhys\workspace\proofbuilder\Literature\Template\Appendices/Appendices
.aux))
LaTeX Font Info:    Checking defaults for OML/cmm/m/it on input line 13.
LaTeX Font Info:    ... okay on input line 13.
LaTeX Font Info:    Checking defaults for T1/cmr/m/n on input line 13.
LaTeX Font Info:    ... okay on input line 13.
LaTeX Font Info:    Checking defaults for OT1/cmr/m/n on input line 13.
LaTeX Font Info:    ... okay on input line 13.
LaTeX Font Info:    Checking defaults for OMS/cmsy/m/n on input line 13.
LaTeX Font Info:    ... okay on input line 13.
LaTeX Font Info:    Checking defaults for OMX/cmex/m/n on input line 13.
LaTeX Font Info:    ... okay on input line 13.
LaTeX Font Info:    Checking defaults for U/cmr/m/n on input line 13.
LaTeX Font Info:    ... okay on input line 13.
 ("C:\Program Files\MiKTeX 2.9\tex\context\base\supp-pdf.mkii"
[Loading MPS to PDF converter (version 2006.09.02).]
\scratchcounter=\count108
\scratchdimen=\dimen115
\scratchbox=\box30
\nofMPsegments=\count109
\nofMParguments=\count110
\everyMPshowfont=\toks25
\MPscratchCnt=\count111
\MPscratchDim=\dimen116
\MPnumerator=\count112
\makeMPintoPDFobject=\count113
\everyMPtoPDFconversion=\toks26
)
(C:\Users\rhys\workspace\proofbuilder\Literature\Template\Preamble/Frontpage.te
x <Preamble/WarwickCrest.pdf, id=1, 64.24pt x 80.3pt>
File: Preamble/WarwickCrest.pdf Graphic file (type pdf)

<use Preamble/WarwickCrest.pdf>
Package pdftex.def Info: Preamble/WarwickCrest.pdf used on input line 5.
(pdftex.def)             Requested size: 122.0553pt x 152.5691pt.
) [1


{C:/ProgramData/MiKTeX/2.9/pdftex/config/pdftex.map} <C:/Users/rhys/workspace/p
roofbuilder/Literature/Template/Preamble/WarwickCrest.pdf>]
(C:\Users\rhys\workspace\proofbuilder\Literature\Template\Preamble/Abstract.tex
) [2



]
(C:\Users\rhys\workspace\proofbuilder\Literature\Template\Preamble/Dedication.t
ex [3


])
(C:\Users\rhys\workspace\proofbuilder\Literature\Template\Preamble/Acknowledge.
tex) [4



]
(C:\Users\rhys\workspace\proofbuilder\Literature\Template\Preamble/Declarations
.tex) [5



]
(C:\Users\rhys\workspace\proofbuilder\Literature\Template\Preamble/Sponsors.tex
LaTeX Font Info:    Try loading font information for OMS+cmr on input line 9.
("C:\Program Files\MiKTeX 2.9\tex\latex\base\omscmr.fd"
File: omscmr.fd 1999/05/25 v2.5h Standard LaTeX font definitions
)
LaTeX Font Info:    Font shape `OMS/cmr/m/n' in size <10> not available
(Font)              Font shape `OMS/cmsy/m/n' tried instead on input line 9.
) [6



]
(C:\Users\rhys\workspace\proofbuilder\Literature\Template\Preamble/Abbreviation
s.tex) [7



]
(C:\Users\rhys\workspace\proofbuilder\Literature\Template\Preamble/Notations.te
x) [8



]
(C:\Users\rhys\workspace\proofbuilder\Literature\Template\Preamble/Contents.tex
(C:\Users\rhys\workspace\proofbuilder\Literature\Template\Dissertation.toc)
\tf@toc=\write3
)
[9



]
(C:\Users\rhys\workspace\proofbuilder\Literature\Template\Preamble/Lists.tex
(C:\Users\rhys\workspace\proofbuilder\Literature\Template\Dissertation.lof)
\tf@lof=\write4

[10



] (C:\Users\rhys\workspace\proofbuilder\Literature\Template\Dissertation.lot)
\tf@lot=\write5
 [11

])
(C:\Users\rhys\workspace\proofbuilder\Literature\Template\Chapter1/Chapter1.tex
Chapter 1.
) [1



]
(C:\Users\rhys\workspace\proofbuilder\Literature\Template\Chapter2/Chapter2.tex
Chapter 2.
) [2



]
(C:\Users\rhys\workspace\proofbuilder\Literature\Template\Chapter3/Chapter3.tex
Chapter 3.
) [3



]
(C:\Users\rhys\workspace\proofbuilder\Literature\Template\Chapter4/Chapter4.tex
Chapter 4.
) [4



]
(C:\Users\rhys\workspace\proofbuilder\Literature\Template\Chapter5/Chapter5.tex
Chapter 5.
) [5



]
(C:\Users\rhys\workspace\proofbuilder\Literature\Template\Chapter6/Chapter6.tex
Chapter 6.
) [6



]
(C:\Users\rhys\workspace\proofbuilder\Literature\Template\Chapter7/Chapter7.tex
Chapter 7.
) [7



]
(C:\Users\rhys\workspace\proofbuilder\Literature\Template\Chapter8/Chapter8.tex
Chapter 8.
) [8



]
(C:\Users\rhys\workspace\proofbuilder\Literature\Template\Dissertation.bbl

LaTeX Warning: Empty `thebibliography' environment on input line 3.

) [9


]
(C:\Users\rhys\workspace\proofbuilder\Literature\Template\Appendices/Appendices
.tex)
(C:\Users\rhys\workspace\proofbuilder\Literature\Template\Dissertation.aux
(C:\Users\rhys\workspace\proofbuilder\Literature\Template\Preamble/Frontpage.au
x)
(C:\Users\rhys\workspace\proofbuilder\Literature\Template\Preamble/Abstract.aux
)
(C:\Users\rhys\workspace\proofbuilder\Literature\Template\Preamble/Dedication.a
ux)
(C:\Users\rhys\workspace\proofbuilder\Literature\Template\Preamble/Acknowledge.
aux)
(C:\Users\rhys\workspace\proofbuilder\Literature\Template\Preamble/Declarations
.aux)
(C:\Users\rhys\workspace\proofbuilder\Literature\Template\Preamble/Sponsors.aux
)
(C:\Users\rhys\workspace\proofbuilder\Literature\Template\Preamble/Abbreviation
s.aux)
(C:\Users\rhys\workspace\proofbuilder\Literature\Template\Preamble/Notations.au
x)
(C:\Users\rhys\workspace\proofbuilder\Literature\Template\Preamble/Contents.aux
) (C:\Users\rhys\workspace\proofbuilder\Literature\Template\Preamble/Lists.aux)

(C:\Users\rhys\workspace\proofbuilder\Literature\Template\Chapter1/Chapter1.aux
)
(C:\Users\rhys\workspace\proofbuilder\Literature\Template\Chapter2/Chapter2.aux
)
(C:\Users\rhys\workspace\proofbuilder\Literature\Template\Chapter3/Chapter3.aux
)
(C:\Users\rhys\workspace\proofbuilder\Literature\Template\Chapter4/Chapter4.aux
)
(C:\Users\rhys\workspace\proofbuilder\Literature\Template\Chapter5/Chapter5.aux
)
(C:\Users\rhys\workspace\proofbuilder\Literature\Template\Chapter6/Chapter6.aux
)
(C:\Users\rhys\workspace\proofbuilder\Literature\Template\Chapter7/Chapter7.aux
)
(C:\Users\rhys\workspace\proofbuilder\Literature\Template\Chapter8/Chapter8.aux
)
(C:\Users\rhys\workspace\proofbuilder\Literature\Template\Appendices/Appendices
.aux)) ) 
Here is how much of TeX's memory you used:
 2553 strings out of 494045
 40957 string characters out of 3148390
 181915 words of memory out of 3000000
 5678 multiletter control sequences out of 15000+200000
 5614 words of font info for 21 fonts, out of 3000000 for 9000
 715 hyphenation exceptions out of 8191
 27i,5n,43p,250b,203s stack positions out of 5000i,500n,10000p,200000b,50000s
<C:/Program Files/MiKTeX 2.9/fonts/type1/public/amsfonts/cm/cmbx10.pfb>
<C:/Program Files/MiKTeX 2.9/fonts/type1/public/amsfonts/cm/cmbx12.pfb><C:/Prog
ram Files/MiKTeX 2.9/fonts/type1/public/amsfonts/cm/cmmi10.pfb><C:/Program File
s/MiKTeX 2.9/fonts/type1/public/amsfonts/cm/cmr10.pfb><C:/Program Files/MiKTeX 
2.9/fonts/type1/public/amsfonts/cm/cmr7.pfb><C:/Program Files/MiKTeX 2.9/fonts/
type1/public/amsfonts/cm/cmsy10.pfb>
Output written on Dissertation.pdf (20 pages, 103735 bytes).
PDF statistics:
 97 PDF objects out of 1000 (max. 8388607)
 0 named destinations out of 1000 (max. 500000)
 6 words of extra memory for PDF output out of 10000 (max. 10000000)

